Flow report for riscv_hardware
Sat Dec 11 22:18:57 2021
Quartus Prime Version 20.1.1 Build 720 11/11/2020 SJ Lite Edition


---------------------
; Table of Contents ;
---------------------
  1. Legal Notice
  2. Flow Summary
  3. Flow Settings
  4. Flow Non-Default Global Settings
  5. Flow Elapsed Time
  6. Flow OS Summary
  7. Flow Log
  8. Flow Messages
  9. Flow Suppressed Messages



----------------
; Legal Notice ;
----------------
Copyright (C) 2020  Intel Corporation. All rights reserved.
Your use of Intel Corporation's design tools, logic functions 
and other software and tools, and any partner logic 
functions, and any output files from any of the foregoing 
(including device programming or simulation files), and any 
associated documentation or information are expressly subject 
to the terms and conditions of the Intel Program License 
Subscription Agreement, the Intel Quartus Prime License Agreement,
the Intel FPGA IP License Agreement, or other applicable license
agreement, including, without limitation, that your use is for
the sole purpose of programming logic devices manufactured by
Intel and sold by Intel or its authorized distributors.  Please
refer to the applicable agreement for further details, at
https://fpgasoftware.intel.com/eula.



+-------------------------------------------------------------------------------+
; Flow Summary                                                                  ;
+---------------------------------+---------------------------------------------+
; Flow Status                     ; Successful - Sat Dec 11 22:18:57 2021       ;
; Quartus Prime Version           ; 20.1.1 Build 720 11/11/2020 SJ Lite Edition ;
; Revision Name                   ; riscv_hardware                              ;
; Top-level Entity Name           ; riscv_hardware                              ;
; Family                          ; Cyclone V                                   ;
; Device                          ; 5CSXFC6D6F31C6                              ;
; Timing Models                   ; Final                                       ;
; Logic utilization (in ALMs)     ; 2,855 / 41,910 ( 7 % )                      ;
; Total registers                 ; 2926                                        ;
; Total pins                      ; 98 / 499 ( 20 % )                           ;
; Total virtual pins              ; 0                                           ;
; Total block memory bits         ; 4,317,248 / 5,662,720 ( 76 % )              ;
; Total DSP Blocks                ; 0 / 112 ( 0 % )                             ;
; Total HSSI RX PCSs              ; 0 / 9 ( 0 % )                               ;
; Total HSSI PMA RX Deserializers ; 0 / 9 ( 0 % )                               ;
; Total HSSI TX PCSs              ; 0 / 9 ( 0 % )                               ;
; Total HSSI PMA TX Serializers   ; 0 / 9 ( 0 % )                               ;
; Total PLLs                      ; 0 / 15 ( 0 % )                              ;
; Total DLLs                      ; 0 / 4 ( 0 % )                               ;
+---------------------------------+---------------------------------------------+


+-----------------------------------------+
; Flow Settings                           ;
+-------------------+---------------------+
; Option            ; Setting             ;
+-------------------+---------------------+
; Start date & time ; 12/11/2021 22:13:35 ;
; Main task         ; Compilation         ;
; Revision Name     ; riscv_hardware      ;
+-------------------+---------------------+


+---------------------------------------------------------------------------------------------------------------------------------+
; Flow Non-Default Global Settings                                                                                                ;
+--------------------------------------+----------------------------------------+---------------+-------------+-------------------+
; Assignment Name                      ; Value                                  ; Default Value ; Entity Name ; Section Id        ;
+--------------------------------------+----------------------------------------+---------------+-------------+-------------------+
; COMPILER_SIGNATURE_ID                ; 91764629483.163923201521544            ; --            ; --          ; --                ;
; EDA_DESIGN_INSTANCE_NAME             ; NA                                     ; --            ; --          ; cpu_batch_vlg_tst ;
; EDA_DESIGN_INSTANCE_NAME             ; NA                                     ; --            ; --          ; hardware_tst      ;
; EDA_NATIVELINK_SIMULATION_TEST_BENCH ; hardware_tst                           ; --            ; --          ; eda_simulation    ;
; EDA_OUTPUT_DATA_FORMAT               ; Verilog Hdl                            ; --            ; --          ; eda_simulation    ;
; EDA_SIMULATION_TOOL                  ; ModelSim-Altera (Verilog)              ; <None>        ; --          ; --                ;
; EDA_TEST_BENCH_ENABLE_STATUS         ; TEST_BENCH_MODE                        ; --            ; --          ; eda_simulation    ;
; EDA_TEST_BENCH_FILE                  ; modelsim/cpu_batch/cpu_batch.vt        ; --            ; --          ; cpu_batch_vlg_tst ;
; EDA_TEST_BENCH_FILE                  ; modelsim/hardware_tst/hardware_tst.vt  ; --            ; --          ; hardware_tst      ;
; EDA_TEST_BENCH_MODULE_NAME           ; cpu_batch_vlg_tst                      ; --            ; --          ; cpu_batch_vlg_tst ;
; EDA_TEST_BENCH_MODULE_NAME           ; hardware_tst                           ; --            ; --          ; hardware_tst      ;
; EDA_TEST_BENCH_NAME                  ; cpu_batch_vlg_tst                      ; --            ; --          ; eda_simulation    ;
; EDA_TEST_BENCH_NAME                  ; hardware_tst                           ; --            ; --          ; eda_simulation    ;
; EDA_TIME_SCALE                       ; 1 ps                                   ; --            ; --          ; eda_simulation    ;
; MAX_CORE_JUNCTION_TEMP               ; 85                                     ; --            ; --          ; --                ;
; MIN_CORE_JUNCTION_TEMP               ; 0                                      ; --            ; --          ; --                ;
; MISC_FILE                            ; memory/tmp_stack_ram_bb.v              ; --            ; --          ; --                ;
; MISC_FILE                            ; memory/video_rom_bb.v                  ; --            ; --          ; --                ;
; PARTITION_COLOR                      ; -- (Not supported for targeted family) ; --            ; --          ; Top               ;
; PARTITION_FITTER_PRESERVATION_LEVEL  ; -- (Not supported for targeted family) ; --            ; --          ; Top               ;
; PARTITION_NETLIST_TYPE               ; -- (Not supported for targeted family) ; --            ; --          ; Top               ;
; POWER_BOARD_THERMAL_MODEL            ; None (CONSERVATIVE)                    ; --            ; --          ; --                ;
; POWER_PRESET_COOLING_SOLUTION        ; 23 MM HEAT SINK WITH 200 LFPM AIRFLOW  ; --            ; --          ; --                ;
+--------------------------------------+----------------------------------------+---------------+-------------+-------------------+


+--------------------------------------------------------------------------------------------------------------------------+
; Flow Elapsed Time                                                                                                        ;
+----------------------+--------------+-------------------------+---------------------+------------------------------------+
; Module Name          ; Elapsed Time ; Average Processors Used ; Peak Virtual Memory ; Total CPU Time (on all processors) ;
+----------------------+--------------+-------------------------+---------------------+------------------------------------+
; Analysis & Synthesis ; 00:01:10     ; 1.0                     ; 5035 MB             ; 00:01:34                           ;
; Fitter               ; 00:03:10     ; 1.4                     ; 6666 MB             ; 00:08:06                           ;
; Assembler            ; 00:00:16     ; 1.0                     ; 4946 MB             ; 00:00:15                           ;
; Timing Analyzer      ; 00:00:31     ; 2.4                     ; 5335 MB             ; 00:01:06                           ;
; EDA Netlist Writer   ; 00:00:05     ; 1.0                     ; 4811 MB             ; 00:00:05                           ;
; Total                ; 00:05:12     ; --                      ; --                  ; 00:11:06                           ;
+----------------------+--------------+-------------------------+---------------------+------------------------------------+


+------------------------------------------------------------------------------------+
; Flow OS Summary                                                                    ;
+----------------------+------------------+------------+------------+----------------+
; Module Name          ; Machine Hostname ; OS Name    ; OS Version ; Processor type ;
+----------------------+------------------+------------+------------+----------------+
; Analysis & Synthesis ; LE-Laptop        ; Windows 10 ; 10.0       ; x86_64         ;
; Fitter               ; LE-Laptop        ; Windows 10 ; 10.0       ; x86_64         ;
; Assembler            ; LE-Laptop        ; Windows 10 ; 10.0       ; x86_64         ;
; Timing Analyzer      ; LE-Laptop        ; Windows 10 ; 10.0       ; x86_64         ;
; EDA Netlist Writer   ; LE-Laptop        ; Windows 10 ; 10.0       ; x86_64         ;
+----------------------+------------------+------------+------------+----------------+


------------
; Flow Log ;
------------
quartus_map --read_settings_files=on --write_settings_files=off riscv_hardware -c riscv_hardware
quartus_fit --read_settings_files=off --write_settings_files=off riscv_hardware -c riscv_hardware
quartus_asm --read_settings_files=off --write_settings_files=off riscv_hardware -c riscv_hardware
quartus_sta riscv_hardware -c riscv_hardware
quartus_eda --read_settings_files=off --write_settings_files=off riscv_hardware -c riscv_hardware



